# JRE version: Java(TM) SE Runtime Environment 18.9 (11.0.12+8) (build 11.0.12+8-LTS-237)
# Java VM: Java HotSpot(TM) 64-Bit Server VM 18.9 (11.0.12+8-LTS-237, mixed mode, tiered, compressed oops, g1 gc, windows-amd64)
Heap:
 garbage-first heap   total 337920K, used 40123K [0x0000000704e00000, 0x0000000800000000)
  region size 1024K, 3 young (3072K), 3 survivors (3072K)
 Metaspace       used 17312K, capacity 17930K, committed 18048K, reserved 1064960K
  class space    used 1890K, capacity 2114K, committed 2176K, reserved 1048576K
GC Heap History (9 events):
Event: 0.390 GC heap before
{Heap before GC invocations=0 (full 0):
 garbage-first heap   total 258048K, used 24576K [0x0000000704e00000, 0x0000000800000000)
  region size 1024K, 24 young (24576K), 0 survivors (0K)
 Metaspace       used 10095K, capacity 10390K, committed 10624K, reserved 1058816K
  class space    used 979K, capacity 1072K, committed 1152K, reserved 1048576K
}
Event: 0.398 GC heap after
{Heap after GC invocations=1 (full 0):
 garbage-first heap   total 258048K, used 12794K [0x0000000704e00000, 0x0000000800000000)
  region size 1024K, 3 young (3072K), 3 survivors (3072K)
 Metaspace       used 10095K, capacity 10390K, committed 10624K, reserved 1058816K
  class space    used 979K, capacity 1072K, committed 1152K, reserved 1048576K
}
Event: 0.572 GC heap before
{Heap before GC invocations=1 (full 0):
 garbage-first heap   total 258048K, used 32250K [0x0000000704e00000, 0x0000000800000000)
  region size 1024K, 22 young (22528K), 3 survivors (3072K)
 Metaspace       used 10878K, capacity 11173K, committed 11520K, reserved 1058816K
  class space    used 1049K, capacity 1184K, committed 1280K, reserved 1048576K
}
Event: 0.578 GC heap after
{Heap after GC invocations=2 (full 0):
 garbage-first heap   total 258048K, used 22214K [0x0000000704e00000, 0x0000000800000000)
  region size 1024K, 3 young (3072K), 3 survivors (3072K)
 Metaspace       used 10878K, capacity 11173K, committed 11520K, reserved 1058816K
  class space    used 1049K, capacity 1184K, committed 1280K, reserved 1048576K
}
Event: 0.589 GC heap before
{Heap before GC invocations=2 (full 0):
 garbage-first heap   total 258048K, used 53958K [0x0000000704e00000, 0x0000000800000000)
  region size 1024K, 35 young (35840K), 3 survivors (3072K)
 Metaspace       used 10878K, capacity 11173K, committed 11520K, reserved 1058816K
  class space    used 1049K, capacity 1184K, committed 1280K, reserved 1048576K
}
Event: 0.592 GC heap after
{Heap after GC invocations=3 (full 0):
 garbage-first heap   total 258048K, used 23897K [0x0000000704e00000, 0x0000000800000000)
  region size 1024K, 1 young (1024K), 1 survivors (1024K)
 Metaspace       used 10878K, capacity 11173K, committed 11520K, reserved 1058816K
  class space    used 1049K, capacity 1184K, committed 1280K, reserved 1048576K
}
Event: 0.775 GC heap before
{Heap before GC invocations=3 (full 0):
 garbage-first heap   total 258048K, used 74073K [0x0000000704e00000, 0x0000000800000000)
  region size 1024K, 51 young (52224K), 1 survivors (1024K)
 Metaspace       used 13018K, capacity 13447K, committed 13568K, reserved 1060864K
  class space    used 1286K, capacity 1475K, committed 1536K, reserved 1048576K
}
Event: 0.784 GC heap after
{Heap after GC invocations=4 (full 0):
 garbage-first heap   total 258048K, used 36528K [0x0000000704e00000, 0x0000000800000000)
  region size 1024K, 7 young (7168K), 7 survivors (7168K)
 Metaspace       used 13018K, capacity 13447K, committed 13568K, reserved 1060864K
  class space    used 1286K, capacity 1475K, committed 1536K, reserved 1048576K
}
Event: 0.979 GC heap before
{Heap before GC invocations=4 (full 0):
 garbage-first heap   total 258048K, used 60080K [0x0000000704e00000, 0x0000000800000000)
  region size 1024K, 30 young (30720K), 7 survivors (7168K)
 Metaspace       used 17312K, capacity 17930K, committed 18048K, reserved 1064960K
  class space    used 1890K, capacity 2114K, committed 2176K, reserved 1048576K
}

